2025-04-07 09:07:48,370 - app - INFO - Received worst5 request with data: {'question': 'Percent of adults who report consuming vegetables less than one time daily'}
2025-04-07 09:07:48,371 - app - INFO - Job 109 added to the queue for processing.
2025-04-07 09:07:48,373 - app - INFO - Received get_results request for job_id: 109
2025-04-07 09:07:48,374 - app - INFO - Job 109 is still running
2025-04-07 09:07:48,576 - app - INFO - Received get_results request for job_id: 109
2025-04-07 09:07:48,576 - app - INFO - Job 109 is done
2025-04-07 09:07:48,578 - app - INFO - Received worst5 request with data: {'question': 'Percent of adults who achieve at least 150 minutes a week of moderate-intensity aerobic physical activity or 75 minutes a week of vigorous-intensity aerobic activity (or an equivalent combination)'}
2025-04-07 09:07:48,578 - app - INFO - Job 110 added to the queue for processing.
2025-04-07 09:07:48,580 - app - INFO - Received get_results request for job_id: 110
2025-04-07 09:07:48,580 - app - INFO - Job 110 is still running
2025-04-07 09:07:48,782 - app - INFO - Received get_results request for job_id: 110
2025-04-07 09:07:48,782 - app - INFO - Job 110 is done
2025-04-07 09:07:48,784 - app - INFO - Received worst5 request with data: {'question': 'Percent of adults aged 18 years and older who have an overweight classification'}
2025-04-07 09:07:48,784 - app - INFO - Job 111 added to the queue for processing.
2025-04-07 09:07:48,787 - app - INFO - Received get_results request for job_id: 111
2025-04-07 09:07:48,787 - app - INFO - Job 111 is still running
2025-04-07 09:07:48,988 - app - INFO - Received get_results request for job_id: 111
2025-04-07 09:07:48,989 - app - INFO - Job 111 is done
2025-04-07 09:07:48,991 - app - INFO - Received worst5 request with data: {'question': 'Percent of adults who report consuming fruit less than one time daily'}
2025-04-07 09:07:48,991 - app - INFO - Job 112 added to the queue for processing.
2025-04-07 09:07:48,993 - app - INFO - Received get_results request for job_id: 112
2025-04-07 09:07:48,993 - app - INFO - Job 112 is still running
2025-04-07 09:07:49,195 - app - INFO - Received get_results request for job_id: 112
2025-04-07 09:07:49,195 - app - INFO - Job 112 is done
2025-04-07 09:07:49,197 - app - INFO - Received worst5 request with data: {'question': 'Percent of adults who achieve at least 150 minutes a week of moderate-intensity aerobic physical activity or 75 minutes a week of vigorous-intensity aerobic physical activity and engage in muscle-strengthening activities on 2 or more days a week'}
2025-04-07 09:07:49,197 - app - INFO - Job 113 added to the queue for processing.
2025-04-07 09:07:49,199 - app - INFO - Received get_results request for job_id: 113
2025-04-07 09:07:49,199 - app - INFO - Job 113 is still running
2025-04-07 09:07:49,401 - app - INFO - Received get_results request for job_id: 113
2025-04-07 09:07:49,401 - app - INFO - Job 113 is done
2025-04-07 09:07:49,404 - app - INFO - Received worst5 request with data: {'question': 'Percent of adults aged 18 years and older who have obesity'}
2025-04-07 09:07:49,404 - app - INFO - Job 114 added to the queue for processing.
2025-04-07 09:07:49,406 - app - INFO - Received get_results request for job_id: 114
2025-04-07 09:07:49,406 - app - INFO - Job 114 is still running
2025-04-07 09:07:49,608 - app - INFO - Received get_results request for job_id: 114
2025-04-07 09:07:49,608 - app - INFO - Job 114 is done
